# JRE version: Java(TM) SE Runtime Environment (8.0_45-b15) (build 1.8.0_45-b15)
# Java VM: Java HotSpot(TM) 64-Bit Server VM (25.45-b02 mixed mode windows-amd64 compressed oops)
Heap:
 PSYoungGen      total 303616K, used 210645K [0x00000000eab00000, 0x00000000ffa80000, 0x0000000100000000)
  eden space 271360K, 71% used [0x00000000eab00000,0x00000000f688d980,0x00000000fb400000)
  from space 32256K, 51% used [0x00000000fb400000,0x00000000fc427d80,0x00000000fd380000)
  to   space 32768K, 0% used [0x00000000fda80000,0x00000000fda80000,0x00000000ffa80000)
 ParOldGen       total 228864K, used 80704K [0x00000000c0000000, 0x00000000cdf80000, 0x00000000eab00000)
  object space 228864K, 35% used [0x00000000c0000000,0x00000000c4ed0308,0x00000000cdf80000)
 Metaspace       used 83595K, capacity 95124K, committed 95400K, reserved 1130496K
  class space    used 11162K, capacity 14583K, committed 14760K, reserved 1048576K
GC Heap History (10 events):
Event: 10743.685 GC heap before
{Heap before GC invocations=73 (full 17):
 PSYoungGen      total 301056K, used 271608K [0x00000000eab00000, 0x00000000ff980000, 0x0000000100000000)
  eden space 264704K, 100% used [0x00000000eab00000,0x00000000fad80000,0x00000000fad80000)
  from space 36352K, 18% used [0x00000000fad80000,0x00000000fb43e170,0x00000000fd100000)
  to   space 34816K, 0% used [0x00000000fd780000,0x00000000fd780000,0x00000000ff980000)
 ParOldGen       total 228864K, used 82450K [0x00000000c0000000, 0x00000000cdf80000, 0x00000000eab00000)
  object space 228864K, 36% used [0x00000000c0000000,0x00000000c5084b10,0x00000000cdf80000)
 Metaspace       used 82395K, capacity 93376K, committed 93608K, reserved 1128448K
  class space    used 11020K, capacity 14305K, committed 14504K, reserved 1048576K
Event: 10743.690 GC heap after
Heap after GC invocations=73 (full 17):
 PSYoungGen      total 300544K, used 6055K [0x00000000eab00000, 0x00000000ff400000, 0x0000000100000000)
  eden space 271360K, 0% used [0x00000000eab00000,0x00000000eab00000,0x00000000fb400000)
  from space 29184K, 20% used [0x00000000fd780000,0x00000000fdd69fc0,0x00000000ff400000)
  to   space 32768K, 0% used [0x00000000fb400000,0x00000000fb400000,0x00000000fd400000)
 ParOldGen       total 228864K, used 82458K [0x00000000c0000000, 0x00000000cdf80000, 0x00000000eab00000)
  object space 228864K, 36% used [0x00000000c0000000,0x00000000c5086b10,0x00000000cdf80000)
 Metaspace       used 82395K, capacity 93376K, committed 93608K, reserved 1128448K
  class space    used 11020K, capacity 14305K, committed 14504K, reserved 1048576K
}
Event: 10744.181 GC heap before
{Heap before GC invocations=74 (full 17):
 PSYoungGen      total 300544K, used 58423K [0x00000000eab00000, 0x00000000ff400000, 0x0000000100000000)
  eden space 271360K, 19% used [0x00000000eab00000,0x00000000ede23eb8,0x00000000fb400000)
  from space 29184K, 20% used [0x00000000fd780000,0x00000000fdd69fc0,0x00000000ff400000)
  to   space 32768K, 0% used [0x00000000fb400000,0x00000000fb400000,0x00000000fd400000)
 ParOldGen       total 228864K, used 82458K [0x00000000c0000000, 0x00000000cdf80000, 0x00000000eab00000)
  object space 228864K, 36% used [0x00000000c0000000,0x00000000c5086b10,0x00000000cdf80000)
 Metaspace       used 82408K, capacity 93388K, committed 93608K, reserved 1128448K
  class space    used 11021K, capacity 14307K, committed 14504K, reserved 1048576K
Event: 10744.183 GC heap after
Heap after GC invocations=74 (full 17):
 PSYoungGen      total 272896K, used 1424K [0x00000000eab00000, 0x00000000ff300000, 0x0000000100000000)
  eden space 271360K, 0% used [0x00000000eab00000,0x00000000eab00000,0x00000000fb400000)
  from space 1536K, 92% used [0x00000000fb400000,0x00000000fb564030,0x00000000fb580000)
  to   space 32256K, 0% used [0x00000000fd380000,0x00000000fd380000,0x00000000ff300000)
 ParOldGen       total 228864K, used 82466K [0x00000000c0000000, 0x00000000cdf80000, 0x00000000eab00000)
  object space 228864K, 36% used [0x00000000c0000000,0x00000000c5088b10,0x00000000cdf80000)
 Metaspace       used 82408K, capacity 93388K, committed 93608K, reserved 1128448K
  class space    used 11021K, capacity 14307K, committed 14504K, reserved 1048576K
}
Event: 10744.183 GC heap before
{Heap before GC invocations=75 (full 18):
 PSYoungGen      total 272896K, used 1424K [0x00000000eab00000, 0x00000000ff300000, 0x0000000100000000)
  eden space 271360K, 0% used [0x00000000eab00000,0x00000000eab00000,0x00000000fb400000)
  from space 1536K, 92% used [0x00000000fb400000,0x00000000fb564030,0x00000000fb580000)
  to   space 32256K, 0% used [0x00000000fd380000,0x00000000fd380000,0x00000000ff300000)
 ParOldGen       total 228864K, used 82466K [0x00000000c0000000, 0x00000000cdf80000, 0x00000000eab00000)
  object space 228864K, 36% used [0x00000000c0000000,0x00000000c5088b10,0x00000000cdf80000)
 Metaspace       used 82408K, capacity 93388K, committed 93608K, reserved 1128448K
  class space    used 11021K, capacity 14307K, committed 14504K, reserved 1048576K
Event: 10744.490 GC heap after
Heap after GC invocations=75 (full 18):
 PSYoungGen      total 272896K, used 0K [0x00000000eab00000, 0x00000000ff300000, 0x0000000100000000)
  eden space 271360K, 0% used [0x00000000eab00000,0x00000000eab00000,0x00000000fb400000)
  from space 1536K, 0% used [0x00000000fb400000,0x00000000fb400000,0x00000000fb580000)
  to   space 32256K, 0% used [0x00000000fd380000,0x00000000fd380000,0x00000000ff300000)
 ParOldGen       total 228864K, used 80688K [0x00000000c0000000, 0x00000000cdf80000, 0x00000000eab00000)
  object space 228864K, 35% used [0x00000000c0000000,0x00000000c4ecc308,0x00000000cdf80000)
 Metaspace       used 82170K, capacity 92752K, committed 93608K, reserved 1128448K
  class space    used 10972K, capacity 14140K, committed 14504K, reserved 1048576K
}
Event: 10757.241 GC heap before
{Heap before GC invocations=76 (full 18):
 PSYoungGen      total 272896K, used 271360K [0x00000000eab00000, 0x00000000ff300000, 0x0000000100000000)
  eden space 271360K, 100% used [0x00000000eab00000,0x00000000fb400000,0x00000000fb400000)
  from space 1536K, 0% used [0x00000000fb400000,0x00000000fb400000,0x00000000fb580000)
  to   space 32256K, 0% used [0x00000000fd380000,0x00000000fd380000,0x00000000ff300000)
 ParOldGen       total 228864K, used 80688K [0x00000000c0000000, 0x00000000cdf80000, 0x00000000eab00000)
  object space 228864K, 35% used [0x00000000c0000000,0x00000000c4ecc308,0x00000000cdf80000)
 Metaspace       used 83103K, capacity 94188K, committed 94504K, reserved 1128448K
  class space    used 11105K, capacity 14407K, committed 14632K, reserved 1048576K
Event: 10757.277 GC heap after
Heap after GC invocations=76 (full 18):
 PSYoungGen      total 303616K, used 15529K [0x00000000eab00000, 0x00000000ffa80000, 0x0000000100000000)
  eden space 271360K, 0% used [0x00000000eab00000,0x00000000eab00000,0x00000000fb400000)
  from space 32256K, 48% used [0x00000000fd380000,0x00000000fe2aa618,0x00000000ff300000)
  to   space 32256K, 0% used [0x00000000fb400000,0x00000000fb400000,0x00000000fd380000)
 ParOldGen       total 228864K, used 80696K [0x00000000c0000000, 0x00000000cdf80000, 0x00000000eab00000)
  object space 228864K, 35% used [0x00000000c0000000,0x00000000c4ece308,0x00000000cdf80000)
 Metaspace       used 83103K, capacity 94188K, committed 94504K, reserved 1128448K
  class space    used 11105K, capacity 14407K, committed 14632K, reserved 1048576K
}
Event: 10798.286 GC heap before
{Heap before GC invocations=77 (full 18):
 PSYoungGen      total 303616K, used 286889K [0x00000000eab00000, 0x00000000ffa80000, 0x0000000100000000)
  eden space 271360K, 100% used [0x00000000eab00000,0x00000000fb400000,0x00000000fb400000)
  from space 32256K, 48% used [0x00000000fd380000,0x00000000fe2aa618,0x00000000ff300000)
  to   space 32256K, 0% used [0x00000000fb400000,0x00000000fb400000,0x00000000fd380000)
 ParOldGen       total 228864K, used 80696K [0x00000000c0000000, 0x00000000cdf80000, 0x00000000eab00000)
  object space 228864K, 35% used [0x00000000c0000000,0x00000000c4ece308,0x00000000cdf80000)
 Metaspace       used 83349K, capacity 94588K, committed 94760K, reserved 1130496K
  class space    used 11129K, capacity 14485K, committed 14632K, reserved 1048576K
Event: 10798.319 GC heap after
Heap after GC invocations=77 (full 18):
 PSYoungGen      total 303616K, used 16543K [0x00000000eab00000, 0x00000000ffa80000, 0x0000000100000000)
  eden space 271360K, 0% used [0x00000000eab00000,0x00000000eab00000,0x00000000fb400000)
  from space 32256K, 51% used [0x00000000fb400000,0x00000000fc427d80,0x00000000fd380000)
  to   space 32768K, 0% used [0x00000000fda80000,0x00000000fda80000,0x00000000ffa80000)
 ParOldGen       total 228864K, used 80704K [0x00000000c0000000, 0x00000000cdf80000, 0x00000000eab00000)
  object space 228864K, 35% used [0x00000000c0000000,0x00000000c4ed0308,0x00000000cdf80000)
 Metaspace       used 83349K, capacity 94588K, committed 94760K, reserved 1130496K
  class space    used 11129K, capacity 14485K, committed 14632K, reserved 1048576K
}

